#
# A fatal error has been detected by the Java Runtime Environment:
#
#  EXCEPTION_ACCESS_VIOLATION (0xc0000005) at pc=0x0000000069b08845, pid=19604, tid=2292
#
# JRE version: Java(TM) SE Runtime Environment (8.0_60-b27) (build 1.8.0_60-b27)
# Java VM: Java HotSpot(TM) 64-Bit Server VM (25.60-b23 mixed mode windows-amd64 compressed oops)
# Problematic frame:
# V  [jvm.dll+0x128845]
#
# Failed to write core dump. Minidumps are not enabled by default on client versions of Windows
#
# If you would like to submit a bug report, please visit:
#   http://bugreport.java.com/bugreport/crash.jsp
#

---------------  T H R E A D  ---------------

Current thread (0x000000001d2d5000):  JavaThread "JDWP Transport Listener: dt_socket" daemon [_thread_in_vm, id=2292, stack(0x000000001d6d0000,0x000000001d7d0000)]

siginfo: ExceptionCode=0xc0000005, reading address 0x00003b003b3e3b56

Registers:
RAX=0x000000001d7cf201, RBX=0x000000001d2d5000, RCX=0x00003b003b3e3b56, RDX=0x0000000000000000
RSP=0x000000001d7cf200, RBP=0x00003b003b3e3b56, RSI=0x000000001d7cf318, RDI=0x00000000021b8570
R8 =0x000000001d2d5000, R9 =0x0000000000000001, R10=0x0000000000008000, R11=0x000000001d7cf150
R12=0x0000000000000000, R13=0x000000001d2e0708, R14=0x0000000000000000, R15=0x0000000000000000
RIP=0x0000000069b08845, EFLAGS=0x0000000000010206

Top of Stack: (sp=0x000000001d7cf200)
0x000000001d7cf200:   000000001d2d5000 000000001d2d5000
0x000000001d7cf210:   000000001d7cf2c8 0000000069d0e18b
0x000000001d7cf220:   000000001d2d5000 0000000069d2a9ed
0x000000001d7cf230:   0000000000000000 00000000695a9155
0x000000001d7cf240:   000000001e5ebcf0 00000000695b291e
0x000000001d7cf250:   000000001d2d5000 0000000000000000
0x000000001d7cf260:   0000000000000000 0000000000000000
0x000000001d7cf270:   00003b003b3e3b56 00000000695b1a15
0x000000001d7cf280:   000000001d7cf318 000000001d7cf2f0
0x000000001d7cf290:   0000000000000001 000000001e5ebcf0
0x000000001d7cf2a0:   00003b003b3e3b56 00000000695953b3
0x000000001d7cf2b0:   000000001d7cf3e0 0000000000000001
0x000000001d7cf2c0:   0000000000000001 000000001e5ebcf0
0x000000001d7cf2d0:   000000000000000a 0000000000000000
0x000000001d7cf2e0:   0000000000000000 0000000000000000
0x000000001d7cf2f0:   0000000000000001 0000000069595571 

Instructions: (pc=0x0000000069b08845)
0x0000000069b08825:   cc cc cc cc cc cc cc cc cc cc cc 48 83 ec 28 48
0x0000000069b08835:   85 c9 75 07 33 c0 48 83 c4 28 c3 48 89 5c 24 20
0x0000000069b08845:   48 8b 19 48 85 db 74 20 48 83 fb 37 74 1a 48 8b
0x0000000069b08855:   13 48 8b cb ff 52 10 84 c0 74 0d 48 8b c3 48 8b 


Register to memory mapping:

RAX=0x000000001d7cf201 is pointing into the stack for thread: 0x000000001d2d5000
RBX=0x000000001d2d5000 is a thread
RCX=0x00003b003b3e3b56 is an unknown value
RDX=0x0000000000000000 is an unknown value
RSP=0x000000001d7cf200 is pointing into the stack for thread: 0x000000001d2d5000
RBP=0x00003b003b3e3b56 is an unknown value
RSI=0x000000001d7cf318 is pointing into the stack for thread: 0x000000001d2d5000
RDI=0x00000000021b8570 is an unknown value
R8 =0x000000001d2d5000 is a thread
R9 =0x0000000000000001 is an unknown value
R10=0x0000000000008000 is an unknown value
R11=0x000000001d7cf150 is pointing into the stack for thread: 0x000000001d2d5000
R12=0x0000000000000000 is an unknown value
R13=0x000000001d2e0708 is an unknown value
R14=0x0000000000000000 is an unknown value
R15=0x0000000000000000 is an unknown value


Stack: [0x000000001d6d0000,0x000000001d7d0000],  sp=0x000000001d7cf200,  free space=1020k
Native frames: (J=compiled Java code, j=interpreted, Vv=VM code, C=native code)
V  [jvm.dll+0x128845]
V  [jvm.dll+0x34a9ed]
C  [jdwp.dll+0x21a15]
C  [jdwp.dll+0x53b3]
C  [jdwp.dll+0x5571]
C  [jdwp.dll+0xf0a8]
C  [jdwp.dll+0x1f2d5]
C  [jdwp.dll+0x1f4aa]
V  [jvm.dll+0x1bb8e8]
V  [jvm.dll+0x243134]
V  [jvm.dll+0x299f6a]
C  [msvcr100.dll+0x21d9f]
C  [msvcr100.dll+0x21e3b]
C  [KERNEL32.DLL+0x17bd4]
C  [ntdll.dll+0x6ced1]


---------------  P R O C E S S  ---------------

Java Threads: ( => current thread )
  0x000000001e5e6000 JavaThread "Java2D Disposer" daemon [_thread_blocked, id=17336, stack(0x000000001fe50000,0x000000001ff50000)]
  0x000000001d6a1000 JavaThread "ReaderThread" [_thread_in_native, id=17588, stack(0x000000001e6d0000,0x000000001e7d0000)]
  0x000000001d375000 JavaThread "Service Thread" daemon [_thread_blocked, id=21432, stack(0x000000001dcd0000,0x000000001ddd0000)]
  0x000000001d2f9800 JavaThread "C1 CompilerThread2" daemon [_thread_blocked, id=15876, stack(0x000000001dbd0000,0x000000001dcd0000)]
  0x000000001d2f8800 JavaThread "C2 CompilerThread1" daemon [_thread_blocked, id=16504, stack(0x000000001dad0000,0x000000001dbd0000)]
  0x000000001d300000 JavaThread "C2 CompilerThread0" daemon [_thread_blocked, id=15808, stack(0x000000001d9d0000,0x000000001dad0000)]
  0x000000001d2e6800 JavaThread "JDWP Command Reader" daemon [_thread_in_native, id=11848, stack(0x000000001d8d0000,0x000000001d9d0000)]
  0x000000001d2e5000 JavaThread "JDWP Event Helper Thread" daemon [_thread_blocked, id=9448, stack(0x000000001d7d0000,0x000000001d8d0000)]
=>0x000000001d2d5000 JavaThread "JDWP Transport Listener: dt_socket" daemon [_thread_in_vm, id=2292, stack(0x000000001d6d0000,0x000000001d7d0000)]
  0x000000001bd20000 JavaThread "Attach Listener" daemon [_thread_blocked, id=18312, stack(0x000000001d1d0000,0x000000001d2d0000)]
  0x000000001bd6e800 JavaThread "Signal Dispatcher" daemon [_thread_blocked, id=15472, stack(0x000000001d0d0000,0x000000001d1d0000)]
  0x0000000002719800 JavaThread "Finalizer" daemon [_thread_blocked, id=17864, stack(0x000000001cf70000,0x000000001d070000)]
  0x0000000002710000 JavaThread "Reference Handler" daemon [_thread_blocked, id=19596, stack(0x000000001ce70000,0x000000001cf70000)]
  0x0000000002623800 JavaThread "main" [_thread_blocked, id=12172, stack(0x00000000021c0000,0x00000000022c0000)]

Other Threads:
  0x000000001bcd7000 VMThread [stack: 0x000000001cd70000,0x000000001ce70000] [id=18148]
  0x000000001d399800 WatcherThread [stack: 0x000000001ddd0000,0x000000001ded0000] [id=18568]

VM state:not at safepoint (normal execution)

VM Mutex/Monitor currently owned by a thread: None

Heap:
 PSYoungGen      total 75776K, used 52304K [0x000000076b580000, 0x0000000770a00000, 0x00000007c0000000)
  eden space 65024K, 80% used [0x000000076b580000,0x000000076e894218,0x000000076f500000)
  from space 10752K, 0% used [0x000000076ff80000,0x000000076ff80000,0x0000000770a00000)
  to   space 10752K, 0% used [0x000000076f500000,0x000000076f500000,0x000000076ff80000)
 ParOldGen       total 173568K, used 0K [0x00000006c2000000, 0x00000006cc980000, 0x000000076b580000)
  object space 173568K, 0% used [0x00000006c2000000,0x00000006c2000000,0x00000006cc980000)
 Metaspace       used 17998K, capacity 18238K, committed 18560K, reserved 1064960K
  class space    used 2034K, capacity 2113K, committed 2176K, reserved 1048576K

Card table byte_map: [0x0000000011ae0000,0x00000000122e0000] byte_map_base: 0x000000000e4d0000

Marking Bits: (ParMarkBitMap*) 0x000000006a1ea5b0
 Begin Bits: [0x0000000012c30000, 0x0000000016bb0000)
 End Bits:   [0x0000000016bb0000, 0x000000001ab30000)

Polling page: 0x0000000002150000

CodeCache: size=245760Kb used=4624Kb max_used=4632Kb free=241135Kb
 bounds [0x0000000002720000, 0x0000000002bb0000, 0x0000000011720000]
 total_blobs=1691 nmethods=1261 adapters=350
 compilation: enabled

Compilation events (10 events):
Event: 2.076 Thread 0x000000001d2f9800 1257       1       java.net.URLConnection::getUseCaches (5 bytes)
Event: 2.076 Thread 0x000000001d2f9800 nmethod 1257 0x0000000002ba4650 code [0x0000000002ba47a0, 0x0000000002ba48b0]
Event: 2.077 Thread 0x000000001d2f8800 nmethod 1256 0x0000000002ba5310 code [0x0000000002ba5460, 0x0000000002ba5558]
Event: 2.077 Thread 0x000000001d2f9800 1258       3       java.io.DataInputStream::readByte (23 bytes)
Event: 2.077 Thread 0x000000001d2f9800 nmethod 1258 0x0000000002ba4050 code [0x0000000002ba41e0, 0x0000000002ba44f8]
Event: 2.078 Thread 0x000000001d300000 nmethod 1255 0x0000000002ba7a90 code [0x0000000002ba7c60, 0x0000000002ba8930]
Event: 2.084 Thread 0x000000001d2f9800 1259  s    1       java.lang.StringBuffer::length (5 bytes)
Event: 2.084 Thread 0x000000001d2f9800 nmethod 1259 0x0000000002ba3c10 code [0x0000000002ba3d60, 0x0000000002ba3fd0]
Event: 2.088 Thread 0x000000001d2f9800 1261       1       ch.qos.logback.core.pattern.Converter::getNext (5 bytes)
Event: 2.088 Thread 0x000000001d2f9800 nmethod 1261 0x0000000002ba3950 code [0x0000000002ba3aa0, 0x0000000002ba3bb0]

GC Heap History (0 events):
No events

Deoptimization events (10 events):
Event: 2.043 Thread 0x0000000002623800 Uncommon trap: reason=class_check action=maybe_recompile pc=0x00000000029fbd50 method=java.util.HashMap.putVal(ILjava/lang/Object;Ljava/lang/Object;ZZ)Ljava/lang/Object; @ 203
Event: 2.051 Thread 0x0000000002623800 Uncommon trap: reason=unstable_if action=reinterpret pc=0x0000000002b3dfc0 method=java.lang.String.toLowerCase(Ljava/util/Locale;)Ljava/lang/String; @ 37
Event: 2.071 Thread 0x0000000002623800 Uncommon trap: reason=class_check action=maybe_recompile pc=0x0000000002a6b60c method=java.io.FilterInputStream.read([BII)I @ 7
Event: 2.072 Thread 0x0000000002623800 Uncommon trap: reason=class_check action=maybe_recompile pc=0x0000000002a051a0 method=java.io.FilterInputStream.read()I @ 4
Event: 2.072 Thread 0x0000000002623800 Uncommon trap: reason=class_check action=maybe_recompile pc=0x0000000002a051a0 method=java.io.FilterInputStream.read()I @ 4
Event: 2.072 Thread 0x0000000002623800 Uncommon trap: reason=class_check action=maybe_recompile pc=0x0000000002a051a0 method=java.io.FilterInputStream.read()I @ 4
Event: 2.072 Thread 0x0000000002623800 Uncommon trap: reason=class_check action=maybe_recompile pc=0x0000000002a051a0 method=java.io.FilterInputStream.read()I @ 4
Event: 2.072 Thread 0x0000000002623800 Uncommon trap: reason=class_check action=maybe_recompile pc=0x0000000002a6b60c method=java.io.FilterInputStream.read([BII)I @ 7
Event: 2.073 Thread 0x0000000002623800 Uncommon trap: reason=class_check action=maybe_recompile pc=0x0000000002a6b60c method=java.io.FilterInputStream.read([BII)I @ 7
Event: 2.073 Thread 0x0000000002623800 Uncommon trap: reason=class_check action=maybe_recompile pc=0x0000000002a6b60c method=java.io.FilterInputStream.read([BII)I @ 7

Internal exceptions (10 events):
Event: 1.624 Thread 0x0000000002623800 Exception <a 'java/security/PrivilegedActionException'> (0x000000076d411560) thrown at [C:\re\workspace\8-2-build-windows-amd64-cygwin\jdk8u60\4407\hotspot\src\share\vm\prims\jvm.cpp, line 1386]
Event: 1.625 Thread 0x0000000002623800 Exception <a 'java/security/PrivilegedActionException'> (0x000000076d41b208) thrown at [C:\re\workspace\8-2-build-windows-amd64-cygwin\jdk8u60\4407\hotspot\src\share\vm\prims\jvm.cpp, line 1386]
Event: 1.625 Thread 0x0000000002623800 Exception <a 'java/security/PrivilegedActionException'> (0x000000076d41b7e8) thrown at [C:\re\workspace\8-2-build-windows-amd64-cygwin\jdk8u60\4407\hotspot\src\share\vm\prims\jvm.cpp, line 1386]
Event: 1.625 Thread 0x0000000002623800 Exception <a 'java/security/PrivilegedActionException'> (0x000000076d424f00) thrown at [C:\re\workspace\8-2-build-windows-amd64-cygwin\jdk8u60\4407\hotspot\src\share\vm\prims\jvm.cpp, line 1386]
Event: 1.625 Thread 0x0000000002623800 Exception <a 'java/security/PrivilegedActionException'> (0x000000076d4254e0) thrown at [C:\re\workspace\8-2-build-windows-amd64-cygwin\jdk8u60\4407\hotspot\src\share\vm\prims\jvm.cpp, line 1386]
Event: 1.912 Thread 0x0000000002623800 Exception <a 'java/io/FileNotFoundException'> (0x000000076e15b2b0) thrown at [C:\re\workspace\8-2-build-windows-amd64-cygwin\jdk8u60\4407\hotspot\src\share\vm\prims\jni.cpp, line 709]
Event: 1.937 Thread 0x0000000002623800 Exception <a 'java/lang/NoSuchFieldError': method resolution failed> (0x000000076e223678) thrown at [C:\re\workspace\8-2-build-windows-amd64-cygwin\jdk8u60\4407\hotspot\src\share\vm\prims\methodHandles.cpp, line 1146]
Event: 1.941 Thread 0x0000000002623800 Exception <a 'java/lang/NoSuchFieldError': method resolution failed> (0x000000076e231138) thrown at [C:\re\workspace\8-2-build-windows-amd64-cygwin\jdk8u60\4407\hotspot\src\share\vm\prims\methodHandles.cpp, line 1146]
Event: 1.964 Thread 0x0000000002623800 Exception <a 'java/io/FileNotFoundException'> (0x000000076e2b74f0) thrown at [C:\re\workspace\8-2-build-windows-amd64-cygwin\jdk8u60\4407\hotspot\src\share\vm\prims\jni.cpp, line 709]
Event: 1.964 Thread 0x0000000002623800 Exception <a 'java/lang/NullPointerException'> (0x000000076e2b7b28) thrown at [C:\re\workspace\8-2-build-windows-amd64-cygwin\jdk8u60\4407\hotspot\src\share\vm\interpreter\linkResolver.cpp, line 1178]

Events (10 events):
Event: 1262.887 Executing VM operation: RedefineClasses
Event: 1262.893 Executing VM operation: RedefineClasses done
Event: 1267.774 Executing VM operation: RedefineClasses
Event: 1267.780 Executing VM operation: RedefineClasses done
Event: 1277.398 Executing VM operation: RedefineClasses
Event: 1277.404 Executing VM operation: RedefineClasses done
Event: 1280.614 Executing VM operation: RedefineClasses
Event: 1280.620 Executing VM operation: RedefineClasses done
Event: 1339.891 Executing VM operation: RedefineClasses
Event: 1339.898 Executing VM operation: RedefineClasses done


Dynamic libraries:
0x00007ff7a5350000 - 0x00007ff7a5387000 	G:\eclipseNeon4.6\jdk1.8.0_60\bin\javaw.exe
0x00007ff836500000 - 0x00007ff8366f0000 	C:\Windows\SYSTEM32\ntdll.dll
0x00007ff835e50000 - 0x00007ff835f02000 	C:\Windows\System32\KERNEL32.DLL
0x00007ff833d50000 - 0x00007ff833ff3000 	C:\Windows\System32\KERNELBASE.dll
0x00007ff8350c0000 - 0x00007ff835163000 	C:\Windows\System32\ADVAPI32.DLL
0x00007ff835290000 - 0x00007ff83532e000 	C:\Windows\System32\msvcrt.dll
0x00007ff8360c0000 - 0x00007ff836157000 	C:\Windows\System32\sechost.dll
0x00007ff835170000 - 0x00007ff835290000 	C:\Windows\System32\RPCRT4.dll
0x00007ff8353d0000 - 0x00007ff835564000 	C:\Windows\System32\USER32.dll
0x00007ff8340a0000 - 0x00007ff8340c1000 	C:\Windows\System32\win32u.dll
0x00007ff8345b0000 - 0x00007ff8345d6000 	C:\Windows\System32\GDI32.dll
0x00007ff8340d0000 - 0x00007ff834264000 	C:\Windows\System32\gdi32full.dll
0x00007ff834000000 - 0x00007ff83409e000 	C:\Windows\System32\msvcp_win.dll
0x00007ff8344b0000 - 0x00007ff8345aa000 	C:\Windows\System32\ucrtbase.dll
0x00007ff82c230000 - 0x00007ff82c4b5000 	C:\Windows\WinSxS\amd64_microsoft.windows.common-controls_6595b64144ccf1df_6.0.18362.720_none_e6beb5c51314836b\COMCTL32.dll
0x00007ff834690000 - 0x00007ff8349c6000 	C:\Windows\System32\combase.dll
0x00007ff834430000 - 0x00007ff8344b0000 	C:\Windows\System32\bcryptPrimitives.dll
0x00007ff835860000 - 0x00007ff83588e000 	C:\Windows\System32\IMM32.DLL
0x0000000069900000 - 0x00000000699d2000 	G:\eclipseNeon4.6\jdk1.8.0_60\jre\bin\msvcr100.dll
0x00000000699e0000 - 0x000000006a269000 	G:\eclipseNeon4.6\jdk1.8.0_60\jre\bin\server\jvm.dll
0x00007ff8353c0000 - 0x00007ff8353c8000 	C:\Windows\System32\PSAPI.DLL
0x00007ff829e60000 - 0x00007ff829e69000 	C:\Windows\SYSTEM32\WSOCK32.dll
0x00007ff835d60000 - 0x00007ff835dcf000 	C:\Windows\System32\WS2_32.dll
0x00007ff8285f0000 - 0x00007ff828614000 	C:\Windows\SYSTEM32\WINMM.dll
0x00007ff82c000000 - 0x00007ff82c00a000 	C:\Windows\SYSTEM32\VERSION.dll
0x00007ff8285c0000 - 0x00007ff8285ed000 	C:\Windows\SYSTEM32\WINMMBASE.dll
0x00007ff8343e0000 - 0x00007ff83442a000 	C:\Windows\System32\cfgmgr32.dll
0x00000000698f0000 - 0x00000000698ff000 	G:\eclipseNeon4.6\jdk1.8.0_60\jre\bin\verify.dll
0x00000000698c0000 - 0x00000000698e9000 	G:\eclipseNeon4.6\jdk1.8.0_60\jre\bin\java.dll
0x0000000069590000 - 0x00000000695c5000 	G:\eclipseNeon4.6\jdk1.8.0_60\jre\bin\jdwp.dll
0x0000000069580000 - 0x0000000069588000 	G:\eclipseNeon4.6\jdk1.8.0_60\jre\bin\npt.dll
0x0000000069870000 - 0x0000000069886000 	G:\eclipseNeon4.6\jdk1.8.0_60\jre\bin\zip.dll
0x00007ff8349d0000 - 0x00007ff8350b5000 	C:\Windows\System32\SHELL32.dll
0x00007ff8345e0000 - 0x00007ff834689000 	C:\Windows\System32\shcore.dll
0x00007ff833490000 - 0x00007ff833c10000 	C:\Windows\System32\windows.storage.dll
0x00007ff833460000 - 0x00007ff833483000 	C:\Windows\System32\profapi.dll
0x00007ff833410000 - 0x00007ff83345a000 	C:\Windows\System32\powrprof.dll
0x00007ff8333c0000 - 0x00007ff8333d0000 	C:\Windows\System32\UMPDC.dll
0x00007ff835800000 - 0x00007ff835852000 	C:\Windows\System32\shlwapi.dll
0x00007ff8333d0000 - 0x00007ff8333e1000 	C:\Windows\System32\kernel.appcore.dll
0x00007ff834270000 - 0x00007ff834287000 	C:\Windows\System32\cryptsp.dll
0x0000000069570000 - 0x0000000069579000 	G:\eclipseNeon4.6\jdk1.8.0_60\jre\bin\dt_socket.dll
0x00007ff829ec0000 - 0x00007ff829ed6000 	C:\Windows\system32\napinsp.dll
0x00007ff8298e0000 - 0x00007ff8298fa000 	C:\Windows\system32\pnrpnsp.dll
0x00007ff832ba0000 - 0x00007ff832c07000 	C:\Windows\System32\mswsock.dll
0x00007ff832940000 - 0x00007ff832a0a000 	C:\Windows\SYSTEM32\DNSAPI.dll
0x00007ff8353b0000 - 0x00007ff8353b8000 	C:\Windows\System32\NSI.dll
0x00007ff8328b0000 - 0x00007ff8328ea000 	C:\Windows\SYSTEM32\IPHLPAPI.DLL
0x00007ff8298d0000 - 0x00007ff8298de000 	C:\Windows\System32\winrnr.dll
0x00007ff82f3c0000 - 0x00007ff82f3dc000 	C:\Windows\system32\NLAapi.dll
0x00007ff81f670000 - 0x00007ff81f685000 	C:\Windows\system32\wshbth.dll
0x00007ff82f550000 - 0x00007ff82f5c7000 	C:\Windows\System32\fwpuclnt.dll
0x00007ff833d20000 - 0x00007ff833d46000 	C:\Windows\System32\bcrypt.dll
0x00007ff82d130000 - 0x00007ff82d13a000 	C:\Windows\System32\rasadhlp.dll
0x0000000069850000 - 0x000000006986a000 	G:\eclipseNeon4.6\jdk1.8.0_60\jre\bin\net.dll
0x00007ff832710000 - 0x00007ff832743000 	C:\Windows\system32\rsaenh.dll
0x00007ff8332b0000 - 0x00007ff8332d5000 	C:\Windows\SYSTEM32\USERENV.dll
0x00007ff832d70000 - 0x00007ff832d7c000 	C:\Windows\SYSTEM32\CRYPTBASE.dll
0x00007ff82f750000 - 0x00007ff82f766000 	C:\Windows\SYSTEM32\dhcpcsvc6.DLL
0x00007ff82f730000 - 0x00007ff82f74c000 	C:\Windows\SYSTEM32\dhcpcsvc.DLL
0x0000000069830000 - 0x0000000069841000 	G:\eclipseNeon4.6\jdk1.8.0_60\jre\bin\nio.dll
0x00000000693d0000 - 0x0000000069568000 	G:\eclipseNeon4.6\jdk1.8.0_60\jre\bin\awt.dll
0x00007ff8363f0000 - 0x00007ff8364b4000 	C:\Windows\System32\OLEAUT32.dll
0x00007ff831820000 - 0x00007ff8318af000 	C:\Windows\SYSTEM32\apphelp.dll
0x0000000069380000 - 0x00000000693c7000 	G:\eclipseNeon4.6\jdk1.8.0_60\jre\bin\fontmanager.dll
0x0000000069330000 - 0x0000000069372000 	G:\eclipseNeon4.6\jdk1.8.0_60\jre\bin\t2k.dll
0x00007ff82de90000 - 0x00007ff82e084000 	C:\Windows\SYSTEM32\dbghelp.dll

VM Arguments:
jvm_args: -agentlib:jdwp=transport=dt_socket,suspend=y,address=localhost:51310 -ea -Dfile.encoding=UTF-8 
java_command: org.eclipse.jdt.internal.junit.runner.RemoteTestRunner -version 3 -port 51309 -testLoaderClass org.eclipse.jdt.internal.junit4.runner.JUnit4TestLoader -loaderpluginname org.eclipse.jdt.junit4.runtime -classNames com.alibaba.easyexcel.test.demo.fill.FillTest
java_class_path (initial): D:\2020\easyexcel\easyexcel\target\test-classes;D:\2020\easyexcel\easyexcel\target\classes;D:\.m2\repository\org\apache\poi\poi\3.14\poi-3.14.jar;D:\.m2\repository\commons-codec\commons-codec\1.10\commons-codec-1.10.jar;D:\.m2\repository\org\apache\poi\poi-ooxml\3.14\poi-ooxml-3.14.jar;D:\.m2\repository\com\github\virtuald\curvesapi\1.03\curvesapi-1.03.jar;D:\.m2\repository\org\apache\poi\poi-ooxml-schemas\3.14\poi-ooxml-schemas-3.14.jar;D:\.m2\repository\org\apache\xmlbeans\xmlbeans\2.6.0\xmlbeans-2.6.0.jar;D:\.m2\repository\stax\stax-api\1.0.1\stax-api-1.0.1.jar;D:\.m2\repository\cglib\cglib\3.1\cglib-3.1.jar;D:\.m2\repository\org\ow2\asm\asm\4.2\asm-4.2.jar;D:\.m2\repository\org\slf4j\slf4j-api\1.7.26\slf4j-api-1.7.26.jar;D:\.m2\repository\org\ehcache\ehcache\3.4.0\ehcache-3.4.0.jar;D:\.m2\repository\ch\qos\logback\logback-classic\1.2.3\logback-classic-1.2.3.jar;D:\.m2\repository\ch\qos\logback\logback-core\1.2.3\logback-core-1.2.3.jar;D:\.m2\repository\com\alibaba\fastjson\1.2.58\fastjson-1.2.58.jar;D:\.m2\repository\org\projectlombok\lombok\1.18.8\lombok-1.18.8.jar;D:\.m2\repository\org\springframework\boot\spring-boot\1.5.21.RELEASE\spring-boot-1.5.21.RELEASE.jar;D:\.m2\repository\org\springframework\spring-core\4.3.24.RELEASE\spring-core-4.3.24.RELEASE.jar;D:\.m2\repository\commons-logging\commons-logging\1.2\commons-logging-1.2.jar;D:\.m2\repository\org\springframework\spring-context\4.3.24.RELEASE\spring-context-4.3.24.RELEASE.jar;D:\.m2\repository\org\springframework\spring-aop\4.3.24.RELEASE\spring-aop-4.3.24.RELEASE.jar;D:\.m2\repository\org\springframework\spring-beans\4.3.24.RELEASE\spring-beans-4.3.24.RELEASE.jar;D:\.m2\repository\org\springframework\spring-expression\4.3.24.RELEASE\spring-expression-4.3.24.RELEASE.jar;D:\.m2\repository\org\springframework\boot\spring-boot-starter-web\1.5.21.RELEASE\spring-boot-starter-web-1.5.21.RELEASE.jar;D:\.m2\repository\org\springframework\boot\spring-boot-starter\1.5.21.RELEASE\spri
Launcher Type: SUN_STANDARD

Environment Variables:
JAVA_HOME=G:\eclipseNeon4.6\jdk1.8.0_60
CLASSPATH=G:\eclipseNeon4.6\jdk1.8.0_60\lib;G:\eclipseNeon4.6\jdk1.8.0_60\lib\tools.jar
PATH=G:/eclipseNeon4.6/jdk1.8.0_60/bin/../jre/bin/server;G:/eclipseNeon4.6/jdk1.8.0_60/bin/../jre/bin;G:/eclipseNeon4.6/jdk1.8.0_60/bin/../jre/lib/amd64;C:\Windows\system32;C:\Windows;C:\Windows\System32\Wbem;C:\Windows\System32\WindowsPowerShell\v1.0\;C:\Windows\System32\OpenSSH\;D:\software\TortoiseSVN\bin;G:\eclipseNeon4.6\jdk1.8.0_60\bin;G:\eclipseNeon4.6\jdk1.8.0_60\jre\bin;D:\software\git\cmd;G:\eclipseNeon4.6\apache-maven-3.2.5\bin;C:\Users\Administrator\AppData\Local\Microsoft\WindowsApps;;G:\eclipseNeon4.6;
USERNAME=Administrator
OS=Windows_NT
PROCESSOR_IDENTIFIER=Intel64 Family 6 Model 60 Stepping 3, GenuineIntel



---------------  S Y S T E M  ---------------

OS: Windows 10.0 , 64 bit Build 18362 (10.0.18362.329)

CPU:total 4 (4 cores per cpu, 1 threads per core) family 6 model 60 stepping 3, cmov, cx8, fxsr, mmx, sse, sse2, sse3, ssse3, sse4.1, sse4.2, popcnt, avx, avx2, aes, clmul, erms, lzcnt, tsc, tscinvbit, bmi1, bmi2

Memory: 4k page, physical 16645980k(8304444k free), swap 19660636k(4972380k free)

vm_info: Java HotSpot(TM) 64-Bit Server VM (25.60-b23) for windows-amd64 JRE (1.8.0_60-b27), built on Aug  4 2015 11:06:27 by "java_re" with MS VC++ 10.0 (VS2010)

time: Thu Apr 16 09:30:28 2020
elapsed time: 1340 seconds (0d 0h 22m 20s)

